0 info it worked if it ends with ok
1 verbose cli [ '/usr/local/Cellar/node/5.2.0/bin/node',
1 verbose cli   '/usr/local/bin/npm',
1 verbose cli   'update',
1 verbose cli   'phoenix',
1 verbose cli   'phoenix_html' ]
2 info using npm@3.3.12
3 info using node@v5.2.0
4 silly mapToRegistry name phoenix
5 silly mapToRegistry using default registry
6 silly mapToRegistry registry https://registry.npmjs.org/
7 silly mapToRegistry uri https://registry.npmjs.org/phoenix
8 silly mapToRegistry name phoenix_html
9 silly mapToRegistry using default registry
10 silly mapToRegistry registry https://registry.npmjs.org/
11 silly mapToRegistry uri https://registry.npmjs.org/phoenix_html
12 verbose request uri https://registry.npmjs.org/phoenix_html
13 verbose request no auth needed
14 info attempt registry request try #1 at 10:17:34 PM
15 verbose request id 9db172da13245ccd
16 http request GET https://registry.npmjs.org/phoenix_html
17 verbose request uri https://registry.npmjs.org/phoenix
18 verbose request no auth needed
19 info attempt registry request try #1 at 10:17:34 PM
20 verbose etag "3KWLGPJF5U3RDJTFGVX0954C8"
21 http request GET https://registry.npmjs.org/phoenix
22 http 404 https://registry.npmjs.org/phoenix_html
23 verbose headers { 'content-type': 'application/json',
23 verbose headers   'cache-control': 'max-age=0',
23 verbose headers   'content-length': '2',
23 verbose headers   'accept-ranges': 'bytes',
23 verbose headers   date: 'Wed, 11 May 2016 08:17:35 GMT',
23 verbose headers   via: '1.1 varnish',
23 verbose headers   age: '0',
23 verbose headers   connection: 'keep-alive',
23 verbose headers   'x-served-by': 'cache-sjc3121-SJC',
23 verbose headers   'x-cache': 'MISS',
23 verbose headers   'x-cache-hits': '0',
23 verbose headers   'x-timer': 'S1462954655.424314,VS0,VE90',
23 verbose headers   vary: 'Accept-Encoding' }
24 silly get cb [ 404,
24 silly get   { 'content-type': 'application/json',
24 silly get     'cache-control': 'max-age=0',
24 silly get     'content-length': '2',
24 silly get     'accept-ranges': 'bytes',
24 silly get     date: 'Wed, 11 May 2016 08:17:35 GMT',
24 silly get     via: '1.1 varnish',
24 silly get     age: '0',
24 silly get     connection: 'keep-alive',
24 silly get     'x-served-by': 'cache-sjc3121-SJC',
24 silly get     'x-cache': 'MISS',
24 silly get     'x-cache-hits': '0',
24 silly get     'x-timer': 'S1462954655.424314,VS0,VE90',
24 silly get     vary: 'Accept-Encoding' } ]
25 verbose stack TypeError: Cannot read property 'version' of undefined
25 verbose stack     at /usr/local/lib/node_modules/npm/lib/outdated.js:362:15
25 verbose stack     at /usr/local/lib/node_modules/npm/node_modules/read-package-json/read-json.js:345:5
25 verbose stack     at checkBinReferences_ (/usr/local/lib/node_modules/npm/node_modules/read-package-json/read-json.js:309:45)
25 verbose stack     at final (/usr/local/lib/node_modules/npm/node_modules/read-package-json/read-json.js:343:3)
25 verbose stack     at then (/usr/local/lib/node_modules/npm/node_modules/read-package-json/read-json.js:113:5)
25 verbose stack     at /usr/local/lib/node_modules/npm/node_modules/read-package-json/read-json.js:232:12
25 verbose stack     at /usr/local/lib/node_modules/npm/node_modules/graceful-fs/graceful-fs.js:76:16
25 verbose stack     at tryToString (fs.js:415:3)
25 verbose stack     at FSReqWrap.readFileAfterClose [as oncomplete] (fs.js:402:12)
26 verbose cwd /Users/koba/work/PDC/PANAMA/offshore
27 error Darwin 15.4.0
28 error argv "/usr/local/Cellar/node/5.2.0/bin/node" "/usr/local/bin/npm" "update" "phoenix" "phoenix_html"
29 error node v5.2.0
30 error npm  v3.3.12
31 error Cannot read property 'version' of undefined
32 error If you need help, you may report this error at:
32 error     <https://github.com/npm/npm/issues>
33 verbose exit [ 1, true ]
